[18:41:02] [DEBUG] Loading API from .\ScriptHookVDotNet2.dll ...
[18:41:02] [DEBUG] Loading API from .\ScriptHookVDotNet3.dll ...
[18:41:02] [DEBUG] Initializing NativeMemory members...
[18:41:03] [DEBUG] Loading scripts from D:\rockstar\Grand Theft Auto V\scripts ...
[18:41:03] [DEBUG] Loading assembly NativeUI.dll ...
[18:41:03] [INFO] Found 1 script(s) in NativeUI.dll resolved to API version 2.11.6.
[18:41:03] [DEBUG] Loading assembly ZombiesMod.dll ...
[18:41:03] [INFO] Found 16 script(s) in ZombiesMod.dll resolved to API version 2.11.6.
[18:41:03] [WARNING] Found 2 script(s) resolved to the deprecated API version 2.x (ScriptHookVDotNet2.dll), though the script(s) are currently running. The v2 API is no longer actively supported. It may stop being supported in the future. Please report to the authors who developed some of the scripts that are using the deprecated API. The list of script names:
[18:41:03] [WARNING] NativeUI.dll
[18:41:03] [WARNING] ZombiesMod.dll
[18:41:03] [DEBUG] Instantiating script NativeUI.BigMessageThread ...
[18:41:03] [INFO] Started script NativeUI.BigMessageThread.
[18:41:03] [DEBUG] Instantiating script ZombiesMod.Controllers.SurvivorController ...
[18:41:03] [INFO] Started script ZombiesMod.Controllers.SurvivorController.
[18:41:03] [DEBUG] Instantiating script ZombiesMod.Controllers.WorldController ...
[18:41:03] [INFO] Started script ZombiesMod.Controllers.WorldController.
[18:41:03] [DEBUG] Instantiating script ZombiesMod.ModController ...
[18:41:04] [INFO] Started script ZombiesMod.ModController.
[18:41:04] [DEBUG] Instantiating script ZombiesMod.PlayerManagement.PlayerGroupManager ...
[18:41:04] [INFO] Started script ZombiesMod.PlayerManagement.PlayerGroupManager.
[18:41:04] [DEBUG] Instantiating script ZombiesMod.PlayerManagement.PlayerInventory ...
[18:41:04] [INFO] Started script ZombiesMod.PlayerManagement.PlayerInventory.
[18:41:04] [DEBUG] Instantiating script ZombiesMod.PlayerManagement.PlayerMap ...
[18:41:04] [INFO] Started script ZombiesMod.PlayerManagement.PlayerMap.
[18:41:04] [DEBUG] Instantiating script ZombiesMod.PlayerManagement.PlayerStats ...
[18:41:04] [INFO] Started script ZombiesMod.PlayerManagement.PlayerStats.
[18:41:04] [DEBUG] Instantiating script ZombiesMod.PlayerManagement.PlayerVehicles ...
[18:41:04] [INFO] Started script ZombiesMod.PlayerManagement.PlayerVehicles.
[18:41:04] [DEBUG] Instantiating script ZombiesMod.Scripts.AnimalSpawner ...
[18:41:04] [INFO] Started script ZombiesMod.Scripts.AnimalSpawner.
[18:41:04] [DEBUG] Instantiating script ZombiesMod.Scripts.Loot247 ...
[18:41:04] [INFO] Started script ZombiesMod.Scripts.Loot247.
[18:41:04] [DEBUG] Instantiating script ZombiesMod.Scripts.MapInteraction ...
[18:41:04] [INFO] Started script ZombiesMod.Scripts.MapInteraction.
[18:41:04] [DEBUG] Instantiating script ZombiesMod.Scripts.RecruitPeds ...
[18:41:04] [INFO] Started script ZombiesMod.Scripts.RecruitPeds.
[18:41:04] [DEBUG] Instantiating script ZombiesMod.Scripts.ScriptEventHandler ...
[18:41:04] [INFO] Started script ZombiesMod.Scripts.ScriptEventHandler.
[18:41:04] [DEBUG] Instantiating script ZombiesMod.Scripts.VehicleRepair ...
[18:41:04] [INFO] Started script ZombiesMod.Scripts.VehicleRepair.
[18:41:04] [DEBUG] Instantiating script ZombiesMod.Scripts.ZombieVehicleSpawner ...
[18:41:04] [INFO] Started script ZombiesMod.Scripts.ZombieVehicleSpawner.
[18:41:04] [DEBUG] Instantiating script ZombiesMod.Static.MenuConrtoller ...
[18:41:04] [INFO] Started script ZombiesMod.Static.MenuConrtoller.
